Arguments: 
  /Users/tom/.nvm/versions/node/v12.17.0/bin/node /usr/local/Cellar/yarn/1.22.5/libexec/bin/yarn.js publish

PATH: 
  /Users/tom/.nvm/versions/node/v12.17.0/bin:/usr/local/Cellar/pyenv-virtualenv/1.1.5/shims:/Users/tom/.pyenv/shims:/usr/local/bin:/usr/bin:/bin:/usr/sbin:/sbin:/usr/local/share/dotnet:~/.dotnet/tools:/Library/Apple/usr/bin:/Library/Frameworks/Mono.framework/Versions/Current/Commands:/Users/tom/.nvm/versions/node/v12.17.0/bin:/usr/local/Cellar/pyenv-virtualenv/1.1.5/shims:/Users/tom/.pyenv/shims:/Users/tom/Library/Android/sdk/emulator:/Users/tom/Library/Android/sdk/tools:/Users/tom/Library/Android/sdk/tools/bin:/Users/tom/Library/Android/sdk/platform-tools

Yarn version: 
  1.22.5

Node version: 
  12.17.0

Platform: 
  darwin x64

Trace: 
  Error: canceled
      at Interface.<anonymous> (/usr/local/Cellar/yarn/1.22.5/libexec/lib/cli.js:137009:13)
      at Interface.emit (events.js:315:20)
      at Interface._ttyWrite (readline.js:866:16)
      at ReadStream.onkeypress (readline.js:205:10)
      at ReadStream.emit (events.js:315:20)
      at emitKeys (internal/readline/utils.js:335:14)
      at emitKeys.next (<anonymous>)
      at ReadStream.onData (readline.js:1133:36)
      at ReadStream.emit (events.js:315:20)
      at addChunk (_stream_readable.js:295:12)

npm manifest: 
  {
    "name": "launch-android-emulator",
    "version": "0.1.0",
    "main": "lib/android-emulator.js",
    "author": "Tom Hallam <tom@freshnode.co.uk>",
    "license": "MIT",
    "dependencies": {
      "arg": "^4.1.3",
      "hasbin": "^1.2.3"
    },
    "bin": "bin/android-emulator"
  }

yarn manifest: 
  No manifest

Lockfile: 
  # THIS IS AN AUTOGENERATED FILE. DO NOT EDIT THIS FILE DIRECTLY.
  # yarn lockfile v1
  
  
  arg@^4.1.3:
    version "4.1.3"
    resolved "https://registry.yarnpkg.com/arg/-/arg-4.1.3.tgz#269fc7ad5b8e42cb63c896d5666017261c144089"
    integrity sha512-58S9QDqG0Xx27YwPSt9fJxivjYl432YCwfDMfZ+71RAqUrZef7LrKQZ3LHLOwCS4FLNBplP533Zx895SeOCHvA==
  
  async@~1.5:
    version "1.5.2"
    resolved "https://registry.yarnpkg.com/async/-/async-1.5.2.tgz#ec6a61ae56480c0c3cb241c95618e20892f9672a"
    integrity sha1-7GphrlZIDAw8skHJVhjiCJL5Zyo=
  
  hasbin@^1.2.3:
    version "1.2.3"
    resolved "https://registry.yarnpkg.com/hasbin/-/hasbin-1.2.3.tgz#78c5926893c80215c2b568ae1fd3fcab7a2696b0"
    integrity sha1-eMWSaJPIAhXCtWiuH9P8q3omlrA=
    dependencies:
      async "~1.5"
